[0m20:38:24.083689 [debug] [MainThread]: Sending event: {'category': 'dbt', 'action': 'invocation', 'label': 'start', 'context': [<snowplow_tracker.self_describing_json.SelfDescribingJson object at 0x0000021A39145550>, <snowplow_tracker.self_describing_json.SelfDescribingJson object at 0x0000021A394AFAA0>, <snowplow_tracker.self_describing_json.SelfDescribingJson object at 0x0000021A394AC3B0>]}


============================== 20:38:24.086692 | b2d3da7f-d560-4c7b-85a0-210141ddcdec ==============================
[0m20:38:24.086692 [info ] [MainThread]: Running with dbt=1.9.4
[0m20:38:24.087692 [debug] [MainThread]: running dbt with arguments {'printer_width': '80', 'indirect_selection': 'eager', 'write_json': 'True', 'log_cache_events': 'False', 'partial_parse': 'True', 'cache_selected_only': 'False', 'warn_error': 'None', 'fail_fast': 'False', 'debug': 'False', 'log_path': 'logs', 'version_check': 'True', 'profiles_dir': 'C:\\Users\\User\\.dbt', 'use_colors': 'True', 'use_experimental_parser': 'False', 'empty': 'None', 'quiet': 'False', 'no_print': 'None', 'warn_error_options': 'WarnErrorOptions(include=[], exclude=[])', 'introspect': 'True', 'log_format': 'default', 'invocation_command': 'dbt init dbt-habitify', 'target_path': 'None', 'static_parser': 'True', 'send_anonymous_usage_stats': 'True'}
[0m20:39:46.758952 [debug] [MainThread]: Starter project path: C:\muno_environment\projects\habitify\.venv\Lib\site-packages\dbt\include\starter_project
[0m20:39:46.789133 [info ] [MainThread]: 
Your new dbt project "dbt_habitify" was created!

For more information on how to configure the profiles.yml file,
please consult the dbt documentation here:

  https://docs.getdbt.com/docs/configure-your-profile

One more thing:

Need help? Don't hesitate to reach out to us via GitHub issues or on Slack:

  https://community.getdbt.com/

Happy modeling!

[0m20:39:46.789133 [info ] [MainThread]: Setting up your profile.
[0m20:40:33.313887 [info ] [MainThread]: Profile dbt_habitify written to C:\Users\User\.dbt\profiles.yml using target's profile_template.yml and your supplied values. Run 'dbt debug' to validate the connection.
[0m20:40:33.314902 [debug] [MainThread]: Command `dbt init` succeeded at 20:40:33.314902 after 129.35 seconds
[0m20:40:33.314902 [debug] [MainThread]: Sending event: {'category': 'dbt', 'action': 'invocation', 'label': 'end', 'context': [<snowplow_tracker.self_describing_json.SelfDescribingJson object at 0x0000021A3BCA5250>, <snowplow_tracker.self_describing_json.SelfDescribingJson object at 0x0000021A3C133200>, <snowplow_tracker.self_describing_json.SelfDescribingJson object at 0x0000021A3BB0B740>]}
[0m20:40:33.315914 [debug] [MainThread]: Flushing usage events
[0m20:40:34.007105 [debug] [MainThread]: An error was encountered while trying to flush usage events
